<?xml version="1.0" encoding="UTF-8"?><testsuite errors="3" failures="0" name="Iniciar sesion en la pagina de la Libreria Nacional" skipped="0" tests="3" time="0.04" timestamp="2021-01-29 02:46:22"><testcase name="Inicio de sesion en la pagina de la Libreria Nacional Exitoso"><error type="net.serenitybdd.core.exceptions.UnrecognisedException"/><system-err>null&#13;
software.amazon.awssdk.auth.credentials.AwsCredentialsProviderChain.resolveCredentials(AwsCredentialsProviderChain.java:112)&#13;
software.amazon.awssdk.auth.credentials.internal.LazyAwsCredentialsProvider.resolveCredentials(LazyAwsCredentialsProvider.java:45)&#13;
software.amazon.awssdk.auth.credentials.DefaultCredentialsProvider.resolveCredentials(DefaultCredentialsProvider.java:104)&#13;
software.amazon.awssdk.awscore.client.handler.AwsClientHandlerUtils.createExecutionContext(AwsClientHandlerUtils.java:76)&#13;
software.amazon.awssdk.awscore.client.handler.AwsSyncClientHandler.createExecutionContext(AwsSyncClientHandler.java:68)&#13;
software.amazon.awssdk.core.internal.handler.BaseSyncClientHandler.lambda$execute$1(BaseSyncClientHandler.java:97)&#13;
software.amazon.awssdk.core.internal.handler.BaseSyncClientHandler.measureApiCallSuccess(BaseSyncClientHandler.java:167)&#13;
software.amazon.awssdk.core.internal.handler.BaseSyncClientHandler.execute(BaseSyncClientHandler.java:94)&#13;
software.amazon.awssdk.core.client.handler.SdkSyncClientHandler.execute(SdkSyncClientHandler.java:45)&#13;
software.amazon.awssdk.awscore.client.handler.AwsSyncClientHandler.execute(AwsSyncClientHandler.java:55)&#13;
software.amazon.awssdk.services.devicefarm.DefaultDeviceFarmClient.createTestGridUrl(DefaultDeviceFarmClient.java:717)&#13;
drivers.DriverRemoteBrowser.chromeHisBrowserWeb(DriverRemoteBrowser.java:34)&#13;
stepsDefinitions.IniciarSesionLibreriaNacionalStepDefinitions.queMeEncuentroEnLaPaginaDeLaLibreriaNacional(IniciarSesionLibreriaNacionalStepDefinitions.java:40)&#13;
✽.que me encuentro en la pagina de la libreria nacional(src/test/resources/features/IniciarSesionLibreriaNacional.feature:6)&#13;
</system-err></testcase></testsuite>